[debug] [2019-09-04T04:42:02.764Z] ----------------------------------------------------------------------
[debug] [2019-09-04T04:42:02.767Z] Command:       C:\Program Files\nodejs\node.exe C:\Users\payalp\AppData\Roaming\npm\node_modules\firebase-tools\lib\bin\firebase.js login
[debug] [2019-09-04T04:42:02.767Z] CLI Version:   7.3.1
[debug] [2019-09-04T04:42:02.767Z] Platform:      win32
[debug] [2019-09-04T04:42:02.767Z] Node Version:  v10.15.3
[debug] [2019-09-04T04:42:02.768Z] Time:          Wed Sep 04 2019 10:12:02 GMT+0530 (India Standard Time)
[debug] [2019-09-04T04:42:02.768Z] ----------------------------------------------------------------------
[debug] 
[info] i  Firebase optionally collects CLI usage and error reporting information to help improve our products. Data is collected in accordance with Google's privacy policy (https://policies.google.com/privacy) and is not used to identify you.

[info] i  To change your data collection preference at any time, run `firebase logout` and log in again.
[info] 
[info] Visit this URL on this device to log in:
[info] https://accounts.google.com/o/oauth2/auth?client_id=563584335869-fgrhgmd47bqnekij5i8b5pr03ho849e6.apps.googleusercontent.com&scope=email%20openid%20https%3A%2F%2Fwww.googleapis.com%2Fauth%2Fcloudplatformprojects.readonly%20https%3A%2F%2Fwww.googleapis.com%2Fauth%2Ffirebase%20https%3A%2F%2Fwww.googleapis.com%2Fauth%2Fcloud-platform&response_type=code&state=686665944&redirect_uri=http%3A%2F%2Flocalhost%3A9005
[info] 
[info] Waiting for authentication...
[debug] [2019-09-04T08:46:56.921Z] ----------------------------------------------------------------------
[debug] [2019-09-04T08:46:56.923Z] Command:       C:\Program Files\nodejs\node.exe C:\Users\payalp\AppData\Roaming\npm\node_modules\firebase-tools\lib\bin\firebase.js login
[debug] [2019-09-04T08:46:56.923Z] CLI Version:   7.3.1
[debug] [2019-09-04T08:46:56.923Z] Platform:      win32
[debug] [2019-09-04T08:46:56.923Z] Node Version:  v10.15.3
[debug] [2019-09-04T08:46:56.924Z] Time:          Wed Sep 04 2019 14:16:56 GMT+0530 (India Standard Time)
[debug] [2019-09-04T08:46:56.924Z] ----------------------------------------------------------------------
[debug] 
[info] i  Firebase optionally collects CLI usage and error reporting information to help improve our products. Data is collected in accordance with Google's privacy policy (https://policies.google.com/privacy) and is not used to identify you.

[info] i  To change your data collection preference at any time, run `firebase logout` and log in again.
[info] 
[info] Visit this URL on this device to log in:
[info] https://accounts.google.com/o/oauth2/auth?client_id=563584335869-fgrhgmd47bqnekij5i8b5pr03ho849e6.apps.googleusercontent.com&scope=email%20openid%20https%3A%2F%2Fwww.googleapis.com%2Fauth%2Fcloudplatformprojects.readonly%20https%3A%2F%2Fwww.googleapis.com%2Fauth%2Ffirebase%20https%3A%2F%2Fwww.googleapis.com%2Fauth%2Fcloud-platform&response_type=code&state=281620787&redirect_uri=http%3A%2F%2Flocalhost%3A9005
[info] 
[info] Waiting for authentication...
